<?xml version="1.0" encoding="UTF-8"?>
<!-- Generated by org.testng.reporters.JUnitReportReporter -->
<testsuite hostname="DESKTOP-RPJKCL8" name="bdd.Runner.RunnerClass" tests="1" failures="0" timestamp="23 Feb 2020 20:43:42 GMT" time="13.073" errors="0">
  <testcase name="feature" time="13.073" classname="bdd.Runner.RunnerClass"/>
</testsuite> <!-- bdd.Runner.RunnerClass -->
