<?xml version="1.0" encoding="UTF-8"?>
<!-- Generated by org.testng.reporters.JUnitReportReporter -->
<testsuite hostname="DESKTOP-RPJKCL8" name="bdd.Runner.RunnerClass" tests="1" failures="0" timestamp="24 Feb 2020 02:52:53 GMT" time="7.191" errors="0">
  <testcase name="feature" time="7.191" classname="bdd.Runner.RunnerClass"/>
</testsuite> <!-- bdd.Runner.RunnerClass -->
